<?xml version="1.0" encoding="UTF-8"?>
<!-- Generated by org.testng.reporters.JUnitXMLReporter -->
<testsuite ignored="6" hostname="DESKTOP-1UVLBD0" failures="0" tests="1" name="Default test" time="23.215" errors="0" timestamp="2019-12-05T22:41:03 PST">
  <testcase classname="SForceTestCases.SetUp" name="AccountName_CreateAccount_TC10" time="15.116"/>
  <testcase classname="SForceTestCases.SetUp" name="setUpBrowser" time="0.0">
    <ignored/>
  </testcase> <!-- setUpBrowser -->
  <testcase classname="SForceTestCases.SetUp" name="MySettingsUserMenuDropDown_TC8" time="0.0">
    <ignored/>
  </testcase> <!-- MySettingsUserMenuDropDown_TC8 -->
  <testcase classname="SForceTestCases.SetUp" name="MySettingsUserMenuDropDown_TC7" time="0.0">
    <ignored/>
  </testcase> <!-- MySettingsUserMenuDropDown_TC7 -->
  <testcase classname="SForceTestCases.SetUp" name="LogOutUserMenuDropDown_TC9" time="0.0">
    <ignored/>
  </testcase> <!-- LogOutUserMenuDropDown_TC9 -->
  <testcase classname="SForceTestCases.SetUp" name="NewViewCreateAccount_TC11" time="0.0">
    <ignored/>
  </testcase> <!-- NewViewCreateAccount_TC11 -->
  <testcase classname="SForceTestCases.SetUp" name="MyProfileUserMenuDropDown_TC6" time="0.0">
    <ignored/>
  </testcase> <!-- MyProfileUserMenuDropDown_TC6 -->
</testsuite> <!-- Default test -->
