<?xml version="1.0" encoding="UTF-8"?>
<testng-results ignored="0" total="1" passed="1" failed="0" skipped="0">
  <reporter-output>
  </reporter-output>
  <suite started-at="2019-12-04T10:07:17 PST" name="Default suite" finished-at="2019-12-04T10:07:42 PST" duration-ms="25212">
    <groups>
    </groups>
    <test started-at="2019-12-04T10:07:17 PST" name="Default test" finished-at="2019-12-04T10:07:42 PST" duration-ms="25212">
      <class name="SForceTestCases.SetUp">
        <test-method signature="setUpBrowser()[pri:0, instance:SForceTestCases.SetUp@38e79ae3]" started-at="2019-12-04T10:07:17 PST" name="setUpBrowser" finished-at="2019-12-04T10:07:42 PST" duration-ms="25013" status="PASS">
          <reporter-output>
          </reporter-output>
        </test-method> <!-- setUpBrowser -->
      </class> <!-- SForceTestCases.SetUp -->
    </test> <!-- Default test -->
  </suite> <!-- Default suite -->
</testng-results>
