<?xml version="1.0" encoding="UTF-8"?>
<testng-results ignored="6" total="7" passed="1" failed="0" skipped="0">
  <reporter-output>
  </reporter-output>
  <suite started-at="2019-12-05T22:40:40 PST" name="Default suite" finished-at="2019-12-05T22:41:03 PST" duration-ms="23215">
    <groups>
    </groups>
    <test started-at="2019-12-05T22:40:40 PST" name="Default test" finished-at="2019-12-05T22:41:03 PST" duration-ms="23215">
      <class name="SForceTestCases.SetUp">
        <test-method is-config="true" signature="setUp()[pri:0, instance:SForceTestCases.SetUp@65b3f4a4]" started-at="2019-12-05T22:40:40 PST" name="setUp" finished-at="2019-12-05T22:40:48 PST" duration-ms="8015" status="PASS">
          <reporter-output>
          </reporter-output>
        </test-method> <!-- setUp -->
        <test-method signature="AccountName_CreateAccount_TC10()[pri:1, instance:SForceTestCases.SetUp@65b3f4a4]" started-at="2019-12-05T22:40:48 PST" name="AccountName_CreateAccount_TC10" finished-at="2019-12-05T22:41:03 PST" duration-ms="15116" status="PASS">
          <reporter-output>
          </reporter-output>
        </test-method> <!-- AccountName_CreateAccount_TC10 -->
      </class> <!-- SForceTestCases.SetUp -->
    </test> <!-- Default test -->
  </suite> <!-- Default suite -->
</testng-results>
